<?xml version="1.0" encoding="UTF-8"?>
<testrun name="SeasonsParserTest" project="aweseries-unittest" tests="1" started="1" failures="0" errors="1" ignored="0">
  <testsuite name="br.edu.ufcg.aweseries.test.unit.thetvdb.SeasonsParserTest" time="0.003">
    <testcase name="testParse" classname="br.edu.ufcg.aweseries.test.unit.thetvdb.SeasonsParserTest" time="0.003">
      <error>java.lang.NoClassDefFoundError: android/sax/EndElementListener
	at br.edu.ufcg.aweseries.thetvdb.UrlSupplier.loadMirrors(UrlSupplier.java:18)
	at br.edu.ufcg.aweseries.thetvdb.UrlSupplier.getMirrorPath(UrlSupplier.java:24)
	at br.edu.ufcg.aweseries.thetvdb.UrlSupplier.getXmlUrl(UrlSupplier.java:30)
	at br.edu.ufcg.aweseries.thetvdb.UrlSupplier.getBaseSeriesUrlBuilder(UrlSupplier.java:48)
	at br.edu.ufcg.aweseries.thetvdb.UrlSupplier.getFullSeriesUrl(UrlSupplier.java:56)
	at br.edu.ufcg.aweseries.test.unit.thetvdb.SeasonsParserTest.testParse(SeasonsParserTest.java:14)
	at sun.reflect.NativeMethodAccessorImpl.invoke0(Native Method)
	at sun.reflect.NativeMethodAccessorImpl.invoke(NativeMethodAccessorImpl.java:57)
	at sun.reflect.DelegatingMethodAccessorImpl.invoke(DelegatingMethodAccessorImpl.java:43)
	at java.lang.reflect.Method.invoke(Method.java:616)
	at org.junit.runners.model.FrameworkMethod$1.runReflectiveCall(FrameworkMethod.java:44)
	at org.junit.internal.runners.model.ReflectiveCallable.run(ReflectiveCallable.java:15)
	at org.junit.runners.model.FrameworkMethod.invokeExplosively(FrameworkMethod.java:41)
	at org.junit.internal.runners.statements.InvokeMethod.evaluate(InvokeMethod.java:20)
	at org.junit.runners.BlockJUnit4ClassRunner.runNotIgnored(BlockJUnit4ClassRunner.java:79)
	at org.junit.runners.BlockJUnit4ClassRunner.runChild(BlockJUnit4ClassRunner.java:71)
	at org.junit.runners.BlockJUnit4ClassRunner.runChild(BlockJUnit4ClassRunner.java:49)
	at org.junit.runners.ParentRunner$3.run(ParentRunner.java:193)
	at org.junit.runners.ParentRunner$1.schedule(ParentRunner.java:52)
	at org.junit.runners.ParentRunner.runChildren(ParentRunner.java:191)
	at org.junit.runners.ParentRunner.access$000(ParentRunner.java:42)
	at org.junit.runners.ParentRunner$2.evaluate(ParentRunner.java:184)
	at org.junit.runners.ParentRunner.run(ParentRunner.java:236)
	at org.eclipse.jdt.internal.junit4.runner.JUnit4TestReference.run(JUnit4TestReference.java:46)
	at org.eclipse.jdt.internal.junit.runner.TestExecution.run(TestExecution.java:38)
	at org.eclipse.jdt.internal.junit.runner.RemoteTestRunner.runTests(RemoteTestRunner.java:467)
	at org.eclipse.jdt.internal.junit.runner.RemoteTestRunner.runTests(RemoteTestRunner.java:683)
	at org.eclipse.jdt.internal.junit.runner.RemoteTestRunner.run(RemoteTestRunner.java:390)
	at org.eclipse.jdt.internal.junit.runner.RemoteTestRunner.main(RemoteTestRunner.java:197)
Caused by: java.lang.ClassNotFoundException: android.sax.EndElementListener
	at java.net.URLClassLoader$1.run(URLClassLoader.java:217)
	at java.security.AccessController.doPrivileged(Native Method)
	at java.net.URLClassLoader.findClass(URLClassLoader.java:205)
	at java.lang.ClassLoader.loadClass(ClassLoader.java:321)
	at sun.misc.Launcher$AppClassLoader.loadClass(Launcher.java:294)
	at java.lang.ClassLoader.loadClass(ClassLoader.java:266)
	... 29 more

</error>
    </testcase>
  </testsuite>
</testrun>
